Determining if the pthread_create exist failed with the following output:
Change Dir: /home/donghoon/toy_VO_from_Scratch/toy_VO/toyslam/build/CMakeFiles/CMakeTmp

Run Build Command:"/usr/bin/make" "cmTC_6a331/fast"
/usr/bin/make -f CMakeFiles/cmTC_6a331.dir/build.make CMakeFiles/cmTC_6a331.dir/build
make[1]: Entering directory '/home/donghoon/toy_VO_from_Scratch/toy_VO/toyslam/build/CMakeFiles/CMakeTmp'
Building C object CMakeFiles/cmTC_6a331.dir/CheckSymbolExists.c.o
/usr/bin/cc    -o CMakeFiles/cmTC_6a331.dir/CheckSymbolExists.c.o   -c /home/donghoon/toy_VO_from_Scratch/toy_VO/toyslam/build/CMakeFiles/CMakeTmp/CheckSymbolExists.c
Linking C executable cmTC_6a331
/usr/bin/cmake -E cmake_link_script CMakeFiles/cmTC_6a331.dir/link.txt --verbose=1
/usr/bin/cc      CMakeFiles/cmTC_6a331.dir/CheckSymbolExists.c.o  -o cmTC_6a331 
CMakeFiles/cmTC_6a331.dir/CheckSymbolExists.c.o: In function `main':
CheckSymbolExists.c:(.text+0x1b): undefined reference to `pthread_create'
collect2: error: ld returned 1 exit status
CMakeFiles/cmTC_6a331.dir/build.make:97: recipe for target 'cmTC_6a331' failed
make[1]: *** [cmTC_6a331] Error 1
make[1]: Leaving directory '/home/donghoon/toy_VO_from_Scratch/toy_VO/toyslam/build/CMakeFiles/CMakeTmp'
Makefile:126: recipe for target 'cmTC_6a331/fast' failed
make: *** [cmTC_6a331/fast] Error 2

File /home/donghoon/toy_VO_from_Scratch/toy_VO/toyslam/build/CMakeFiles/CMakeTmp/CheckSymbolExists.c:
/* */
#include <pthread.h>

int main(int argc, char** argv)
{
  (void)argv;
#ifndef pthread_create
  return ((int*)(&pthread_create))[argc];
#else
  (void)argc;
  return 0;
#endif
}

Determining if the function pthread_create exists in the pthreads failed with the following output:
Change Dir: /home/donghoon/toy_VO_from_Scratch/toy_VO/toyslam/build/CMakeFiles/CMakeTmp

Run Build Command:"/usr/bin/make" "cmTC_f9b3b/fast"
/usr/bin/make -f CMakeFiles/cmTC_f9b3b.dir/build.make CMakeFiles/cmTC_f9b3b.dir/build
make[1]: Entering directory '/home/donghoon/toy_VO_from_Scratch/toy_VO/toyslam/build/CMakeFiles/CMakeTmp'
Building C object CMakeFiles/cmTC_f9b3b.dir/CheckFunctionExists.c.o
/usr/bin/cc   -DCHECK_FUNCTION_EXISTS=pthread_create   -o CMakeFiles/cmTC_f9b3b.dir/CheckFunctionExists.c.o   -c /usr/share/cmake-3.10/Modules/CheckFunctionExists.c
Linking C executable cmTC_f9b3b
/usr/bin/cmake -E cmake_link_script CMakeFiles/cmTC_f9b3b.dir/link.txt --verbose=1
/usr/bin/cc  -DCHECK_FUNCTION_EXISTS=pthread_create    CMakeFiles/cmTC_f9b3b.dir/CheckFunctionExists.c.o  -o cmTC_f9b3b -lpthreads 
/usr/bin/ld: cannot find -lpthreads
collect2: error: ld returned 1 exit status
CMakeFiles/cmTC_f9b3b.dir/build.make:97: recipe for target 'cmTC_f9b3b' failed
make[1]: *** [cmTC_f9b3b] Error 1
make[1]: Leaving directory '/home/donghoon/toy_VO_from_Scratch/toy_VO/toyslam/build/CMakeFiles/CMakeTmp'
Makefile:126: recipe for target 'cmTC_f9b3b/fast' failed
make: *** [cmTC_f9b3b/fast] Error 2


